0 info it worked if it ends with ok
1 verbose cli [ '/usr/local/bin/node', '/usr/local/bin/npm', 'run', 'sass' ]
2 info using npm@3.10.8
3 info using node@v6.9.1
4 verbose run-script [ 'presass', 'sass', 'postsass' ]
5 info lifecycle web-tool@1.0.1~presass: web-tool@1.0.1
6 silly lifecycle web-tool@1.0.1~presass: no script for presass, continuing
7 info lifecycle web-tool@1.0.1~sass: web-tool@1.0.1
8 verbose lifecycle web-tool@1.0.1~sass: unsafe-perm in lifecycle true
9 verbose lifecycle web-tool@1.0.1~sass: PATH: /usr/local/lib/node_modules/npm/bin/node-gyp-bin:/Users/hatef/Desktop/webapp/idriveniceacar/node_modules/.bin:/usr/local/lib/node_modules/npm/bin/node-gyp-bin:/Users/hatef/Desktop/webapp/idriveniceacar/node_modules/.bin:/usr/local/lib/node_modules/npm/bin/node-gyp-bin:/Users/hatef/Desktop/webapp/idriveniceacar/node_modules/.bin:/Library/Frameworks/Python.framework/Versions/3.4/bin:/Library/Frameworks/Python.framework/Versions/3.4/bin:/usr/local/bin:/usr/bin:/bin:/usr/sbin:/sbin:/usr/local/git/bin:/pathToTheAndroidSdkFolder/android-sdk-mac_86/platform-tools
10 verbose lifecycle web-tool@1.0.1~sass: CWD: /Users/hatef/Desktop/webapp/idriveniceacar
11 silly lifecycle web-tool@1.0.1~sass: Args: [ '-c',
11 silly lifecycle   'node-sass --source-map=true --source-map-contents=true src/styles/main.scss dist/css/style.css && postcss --use autoprefixer dist/css/style.css -d dist/css/' ]
12 silly lifecycle web-tool@1.0.1~sass: Returned: code: 1  signal: null
13 info lifecycle web-tool@1.0.1~sass: Failed to exec sass script
14 verbose stack Error: web-tool@1.0.1 sass: `node-sass --source-map=true --source-map-contents=true src/styles/main.scss dist/css/style.css && postcss --use autoprefixer dist/css/style.css -d dist/css/`
14 verbose stack Exit status 1
14 verbose stack     at EventEmitter.<anonymous> (/usr/local/lib/node_modules/npm/lib/utils/lifecycle.js:255:16)
14 verbose stack     at emitTwo (events.js:106:13)
14 verbose stack     at EventEmitter.emit (events.js:191:7)
14 verbose stack     at ChildProcess.<anonymous> (/usr/local/lib/node_modules/npm/lib/utils/spawn.js:40:14)
14 verbose stack     at emitTwo (events.js:106:13)
14 verbose stack     at ChildProcess.emit (events.js:191:7)
14 verbose stack     at maybeClose (internal/child_process.js:877:16)
14 verbose stack     at Process.ChildProcess._handle.onexit (internal/child_process.js:226:5)
15 verbose pkgid web-tool@1.0.1
16 verbose cwd /Users/hatef/Desktop/webapp/idriveniceacar
17 error Darwin 16.3.0
18 error argv "/usr/local/bin/node" "/usr/local/bin/npm" "run" "sass"
19 error node v6.9.1
20 error npm  v3.10.8
21 error code ELIFECYCLE
22 error web-tool@1.0.1 sass: `node-sass --source-map=true --source-map-contents=true src/styles/main.scss dist/css/style.css && postcss --use autoprefixer dist/css/style.css -d dist/css/`
22 error Exit status 1
23 error Failed at the web-tool@1.0.1 sass script 'node-sass --source-map=true --source-map-contents=true src/styles/main.scss dist/css/style.css && postcss --use autoprefixer dist/css/style.css -d dist/css/'.
23 error Make sure you have the latest version of node.js and npm installed.
23 error If you do, this is most likely a problem with the web-tool package,
23 error not with npm itself.
23 error Tell the author that this fails on your system:
23 error     node-sass --source-map=true --source-map-contents=true src/styles/main.scss dist/css/style.css && postcss --use autoprefixer dist/css/style.css -d dist/css/
23 error You can get information on how to open an issue for this project with:
23 error     npm bugs web-tool
23 error Or if that isn't available, you can get their info via:
23 error     npm owner ls web-tool
23 error There is likely additional logging output above.
24 verbose exit [ 1, true ]
